[2021-02-02 16:29:41] This is codeql execute queries -J-Xmx4090M --off-heap-ram=4090 --verbosity=progress --logdir=C:\Users\Administrator\Desktop\Vue\jsdb\log --ml-model-path=C:\Users\Administrator\Desktop\Vue --native-library-path=C:\Users\Administrator\Desktop\Vue --warnings=show --no-rerun --output=C:\Users\Administrator\Desktop\Vue\jsdb\results -- C:\Users\Administrator\Desktop\Vue\jsdb\db-javascript ql/
[2021-02-02 16:29:41] Calling plumbing command: codeql resolve queries --format=json -- ql/
[2021-02-02 16:29:41] [SPAMMY] resolve queries> Scanning for QL files at C:\Users\Administrator\Desktop\Vue\ql.
[2021-02-02 16:29:41] [SPAMMY] resolve queries> Found 1 QL files in C:\Users\Administrator\Desktop\Vue\ql.
[2021-02-02 16:29:41] Plumbing command codeql resolve queries completed:
                      [
                        "C:\\Users\\Administrator\\Desktop\\Vue\\ql\\ArrowMethodOnVueInstance.ql"
                      ]
[2021-02-02 16:29:41] Creating executor with 1 threads.
[2021-02-02 16:29:41] Calling plumbing command: codeql resolve library-path --query=C:\Users\Administrator\Desktop\Vue\ql\ArrowMethodOnVueInstance.ql --format=json
[2021-02-02 16:29:41] [DETAILS] resolve library-path> Resolving query at normalized path C:\Users\Administrator\Desktop\Vue\ql\ArrowMethodOnVueInstance.ql.
[2021-02-02 16:29:41] [DETAILS] resolve library-path> Found enclosing pack 'codeql-javascript' at C:\Users\Administrator\Desktop\Vue\ql.
[2021-02-02 16:29:41] [DETAILS] resolve library-path> Adding compilation cache at C:\Users\Administrator\Desktop\Vue\ql\.cache.
[2021-02-02 16:29:41] [DETAILS] resolve library-path> Resolving library dependencies from C:\Users\Administrator\Desktop\Vue\ql\qlpack.yml.
[2021-02-02 16:29:41] [DETAILS] resolve library-path> QL pack dependencies for C:\Users\Administrator\Desktop\Vue\ql resolved OK.
[2021-02-02 16:29:41] [DETAILS] resolve library-path> Found no dbscheme through dependencies.
[2021-02-02 16:29:41] Plumbing command codeql resolve library-path completed:
                      {
                        "libraryPath" : [
                          "C:\\Users\\Administrator\\Desktop\\Vue\\ql"
                        ],
                        "compilationCache" : [
                          "C:\\Users\\Administrator\\Desktop\\Vue\\ql\\.cache"
                        ],
                        "qlPackName" : "codeql-javascript",
                        "relativeName" : "codeql-javascript\\ArrowMethodOnVueInstance.ql",
                        "possibleAdvice" : "You probably need to specify a libraryPathDependencies list in C:\\Users\\Administrator\\Desktop\\Vue\\ql\\qlpack.yml."
                      }
[2021-02-02 16:29:41] [PROGRESS] execute queries> Compiling query plan for C:\Users\Administrator\Desktop\Vue\ql\ArrowMethodOnVueInstance.ql.
[2021-02-02 16:29:41] [DETAILS] execute queries> Resolving imports for C:\Users\Administrator\Desktop\Vue\ql\ArrowMethodOnVueInstance.ql.
[2021-02-02 16:29:41] Resolved file set for C:\Users\Administrator\Desktop\Vue\ql\ArrowMethodOnVueInstance.ql hashes to 8acbea5349e8aa171c66e4f2e57d01884273f457.
[2021-02-02 16:29:41] [DETAILS] execute queries> Checking QL for C:\Users\Administrator\Desktop\Vue\ql\ArrowMethodOnVueInstance.ql.
[2021-02-02 16:29:41] ExternalModuleBindingPass ...
[2021-02-02 16:29:41] ExternalModuleBindingPass time: 00:00.001
[2021-02-02 16:29:41] QLPredicateSynthesiser ...
[2021-02-02 16:29:41] QLPredicateSynthesiser time: 00:00.000
[2021-02-02 16:29:41] DeclarationBindingPass ...
[2021-02-02 16:29:41] DeclarationBindingPass time: 00:00.002
[2021-02-02 16:29:41] Fixed point time ...
[2021-02-02 16:29:41] Fixed point time time: 00:00.002
[2021-02-02 16:29:41] ReferenceBindingPass ...
[2021-02-02 16:29:41] ReferenceBindingPass time: 00:00.000
[2021-02-02 16:29:41] EntityTypeUpdateBindingPass ...
[2021-02-02 16:29:41] EntityTypeUpdateBindingPass time: 00:00.000
[2021-02-02 16:29:41] ReferenceBindingCheck ...
[2021-02-02 16:29:41] ReferenceBindingCheck time: 00:00.000
[2021-02-02 16:29:41] PredicateBodyBindingPass ...
[2021-02-02 16:29:41] PredicateBodyBindingPass time: 00:00.000
[2021-02-02 16:29:41] LanguagePragmaPropagationPass ...
[2021-02-02 16:29:41] LanguagePragmaPropagationPass time: 00:00.000
[2021-02-02 16:29:41] Ambiguity checks ...
[2021-02-02 16:29:41] Ambiguity checks time: 00:00.002
[2021-02-02 16:29:41] Ql checks ...
[2021-02-02 16:29:41] Ql checks time: 00:00.035
[2021-02-02 16:29:42] Compilation pipeline
[2021-02-02 16:29:42] Type Inference ...
[2021-02-02 16:29:42] CSV_TYPE_HIERARCHY: Best number of iterations,Maximum number of runs,Number of BDD variables,Size of BDD for typefacts
[2021-02-02 16:29:42] CSV_TYPE_HIERARCHY: 0,0,0,0
[2021-02-02 16:29:42] CSV_TYPE_HIERARCHY: 0,0,0,0
[2021-02-02 16:29:42] CSV_TYPE_HIERARCHY: 0,0,0,0
[2021-02-02 16:29:42] CSV_TYPE_HIERARCHY: 0,0,0,0
[2021-02-02 16:29:42] CSV_TYPE_HIERARCHY: 0,0,0,0
[2021-02-02 16:29:42] CSV_TYPE_HIERARCHY: 0,0,356,356
[2021-02-02 16:29:42] Type Inference time: 00:00.147
[2021-02-02 16:29:42] Binding Checks ...
[2021-02-02 16:29:42] Binding Checks time: 00:00.029
[2021-02-02 16:29:42] [DETAILS] execute queries> Optimizing C:\Users\Administrator\Desktop\Vue\ql\ArrowMethodOnVueInstance.ql.
[2021-02-02 16:29:42] Processing compilation pipeline
[2021-02-02 16:29:42] Started compiling a query
[2021-02-02 16:29:42] Initialising compiler...
[2021-02-02 16:29:42] 	 ... compiler initialised
[2021-02-02 16:29:42] About to start query optimisation
[2021-02-02 16:29:42] Compilation cache miss for 7b9713d6ffcc8858a0d96caa00ee7485fd5956a1.
[2021-02-02 16:29:42] Stored compiled program for 7b9713d6ffcc8858a0d96caa00ee7485fd5956a1.
[2021-02-02 16:29:42] CSV_COMPILATION: NONE,MISC,RA_TRANSLATION,OPTIMISATIONS
[2021-02-02 16:29:42] CSV_COMPILATION: 95,24,59,45
[2021-02-02 16:29:42] [PROGRESS] execute queries> [1/1 comp 1.1s] Compiled C:\Users\Administrator\Desktop\Vue\ql\ArrowMethodOnVueInstance.ql.
[2021-02-02 16:29:42] Of 1 predicates, 0 are used in more than one query.
[2021-02-02 16:29:42] [PROGRESS] execute queries> Starting evaluation of codeql-javascript\ArrowMethodOnVueInstance.ql.
[2021-02-02 16:29:42] Starting evaluation of C:\Users\Administrator\Desktop\Vue\ql\ArrowMethodOnVueInstance.ql
[2021-02-02 16:29:42] (0s) Start query execution
[2021-02-02 16:29:42] (0s) Beginning execution of ArrowMethodOnVueInstance.ql
[2021-02-02 16:29:42] (0s) Starting to evaluate predicate #select#query#f/1@fb92b8
[2021-02-02 16:29:42] (0s)  >>> Created relation #select#query#f/1@fb92b8 with 1 rows.
[2021-02-02 16:29:42] (0s) Query done
[2021-02-02 16:29:42] CSV_CACHE_DIFF: Operation,Overall time,NONE,LOAD_EXTENSIONAL,PAGE_RELATION,SORT_RELATION,NODUPS_RELATION,GLOBAL_DISK_SYNC,GLOBAL_TRIM_DISK,GLOBAL_TRIM_STRINGS,GLOBAL_EVICTOR,SCAN_DISK,IO_TRIMMING,IO_WRITING
[2021-02-02 16:29:42] CSV_CACHE_DIFF: #select#query#f (ArrowMethodOnVueInstance.ql),0.033,0.009,0,0,0,0,0,0,0,0,0,0,0
[2021-02-02 16:29:42] (0s) Sequence stamp origin is -6629305293887361754
[2021-02-02 16:29:42] (0s) Stopped the world to sync to disk at sequence stamp o+0
[2021-02-02 16:29:42] (0s) Starting the world again
[2021-02-02 16:29:42] CSV_IMB_QUERIES: Query type,Query predicate,Query name,Stage,Success,Time,Number of results,Cumulative time in query
[2021-02-02 16:29:42] CSV_IMB_QUERIES: Query,#select#query#f,ArrowMethodOnVueInstance.ql,1,Success,0.033,1,39
[2021-02-02 16:29:42] Evaluation of C:\Users\Administrator\Desktop\Vue\ql\ArrowMethodOnVueInstance.ql produced BQRS results.
[2021-02-02 16:29:42] [PROGRESS] execute queries> [1/1 eval 48ms] Evaluation done; writing results to codeql-javascript\ArrowMethodOnVueInstance.bqrs.
[2021-02-02 16:29:42] [PROGRESS] execute queries> Shutting down query evaluator.
[2021-02-02 16:29:42] Stopped the world to close the cache at sequence stamp o+1
[2021-02-02 16:29:42] The disk cache is freshly trimmed; leave it be.
[2021-02-02 16:29:42] Starting the world again
[2021-02-02 16:29:42] Terminating normally.
